0 973
1 473
2 169
3 192
4 173
5 180
6 164
7 199
8 183
9 195
10 175
11 182
12 156
13 166
14 167
15 178
16 165
17 173
18 175
19 189
20 286
21 164
22 176
23 179
24 173
25 168
26 242
27 247
28 167
29 214
30 226
31 218
32 172
33 206
34 164
35 169
36 164
37 178
38 162
39 189
40 206
41 212
42 178
43 196
44 173
45 161
46 165
47 179
48 198
49 175
50 167
51 188
52 187
53 163
54 173
55 177
56 186
57 178
58 178
59 164
60 222
61 1189
62 173
63 196
64 205
65 179
66 195
67 178
68 208
69 231
70 206
71 187
72 216
73 170
74 176
75 160
76 160
77 158
78 152
79 153
80 157
81 158
82 159
83 158
84 156
85 158
86 157
87 157
88 156
89 155
90 159
91 160
92 153
93 156
94 161
95 161
96 155
97 151
98 162
99 158
100 158
101 158
102 158
103 154
104 162
105 158
106 162
107 161
108 156
109 161
110 163
111 158
112 154
113 158
114 159
115 160
116 158
117 156
118 156
119 161
120 555
121 223
122 183
123 186
124 214
125 180
126 165
127 181
128 189
129 211
130 174
131 207
132 208
133 208
134 172
135 226
136 231
137 204
138 161
139 166
140 211
141 179
142 178
143 169
144 170
145 218
146 205
147 214
148 198
149 182
150 186
151 185
152 173
153 186
154 172
155 216
156 205
157 185
158 167
159 159
160 159
161 155
162 154
163 158
164 158
165 158
166 152
167 155
168 156
169 159
170 158
171 164
172 157
173 164
174 157
175 156
176 155
177 161
178 153
179 161
180 154
181 200
182 166
183 211
184 176
185 218
186 194
187 158
188 161
189 157
190 161
191 158
192 197
193 167
194 171
195 178
196 167
197 198
198 173
199 167
200 167
201 165
202 167
203 224
204 161
205 182
206 171
207 176
208 208
209 166
210 167
211 173
212 202
213 172
214 174
215 176
216 170
217 196
218 173
219 192
220 197
221 205
222 194
223 208
224 198
225 204
226 164
227 164
228 222
229 168
230 164
231 177
232 197
233 254
234 159
235 169
236 220
237 222
238 1140
239 204
240 170
241 217
242 169
243 173
244 220
245 180
246 169
247 199
248 169
249 197
250 190
251 163
252 164
253 162
254 167
255 169
256 170
257 172
258 173
259 176
260 183
261 158
262 217
263 164
264 176
265 208
266 173
267 177
268 162
269 167
270 198
271 161
272 160
273 221
274 166
275 176
276 170
277 164
278 166
279 161
280 200
281 177
282 168
283 167
284 167
285 190
286 163
287 196
288 202
289 170
290 197
291 207
292 197
293 218
294 175
295 198
296 171
297 217
298 183
299 195
300 584
301 200
302 204
303 178
304 320
305 214
306 170
307 213
308 225
309 215
310 212
311 210
312 181
313 231
314 209
315 189
316 253
317 215
318 200
319 208
320 163
321 197
322 183
323 194
324 204
325 184
326 181
327 278
328 173
329 225
330 161
331 172
332 167
333 200
334 220
335 212
336 183
337 182
338 214
339 221
340 168
341 217
342 226
343 177
344 191
345 203
346 183
347 175
348 180
349 195
350 185
351 204
352 164
353 175
354 167
355 190
356 178
357 218
358 206
359 211
360 190
361 207
362 208
363 172
364 185
365 208
366 224
367 211
368 173
369 172
370 260
371 174
372 214
373 164
374 167
375 200
376 217
377 178
378 214
379 214
380 628
381 224
382 220
383 233
384 167
385 197
386 191
387 233
388 192
389 213
390 223
391 198
392 212
393 229
394 219
395 219
396 214
397 169
398 170
399 173
400 193
401 229
402 167
403 193
404 215
405 211
406 170
407 207
408 184
409 195
410 171
411 217
412 208
413 194
414 206
415 210
416 167
417 225
418 200
419 192
420 227
421 232
422 198
423 160
424 197
425 241
426 164
427 205
428 206
429 200
430 195
431 213
432 211
433 190
434 168
435 205
436 164
437 621
438 170
439 214
440 189
441 207
442 173
443 164
444 175
445 185
446 173
447 164
448 194
449 179
450 184
451 193
452 176
453 168
454 173
455 180
456 175
457 167
458 163
459 184
460 242
461 170
462 192
463 1182
464 166
465 167
466 170
467 176
468 186
469 191
470 220
471 171
472 170
473 205
474 190
475 217
476 205
477 226
478 173
479 168
480 208
481 189
482 198
483 166
484 196
485 201
486 163
487 213
488 180
489 193
490 212
491 206
492 191
493 192
494 186
495 170
496 178
497 208
498 200
499 211
500 179
501 217
502 201
503 205
504 211
505 205
506 226
507 211
508 176
509 208
510 210
511 197
512 217
513 205
514 203
515 174
516 207
517 189
518 186
519 164
520 169
521 177
522 163
523 161
524 167
525 189
526 220
527 184
528 179
529 167
530 185
531 168
532 180
533 173
534 173
535 166
536 165
537 173
538 170
539 248
540 167
541 167
542 202
543 167
544 220
545 166
546 166
547 169
548 207
549 204
550 167
551 180
552 185
553 168
554 194
555 193
556 164
557 163
558 205
559 199
560 206
561 198
562 170
563 178
564 241
565 171
566 179
567 220
568 178
569 211
570 202
571 211
572 200
573 171
574 208
575 195
576 195
577 196
578 209
579 205
580 201
581 187
582 235
583 193
584 166
585 214
586 185
587 170
588 234
589 211
590 194
591 210
592 235
593 220
594 191
595 169
596 193
597 206
598 166
599 211
600 179
601 211
602 248
603 195
604 177
605 217
606 580
607 176
608 185
609 166
610 167
611 169
612 208
613 166
614 189
615 205
616 193
617 173
618 159
619 211
620 212
621 217
622 178
623 159
624 196
625 174
626 170
627 206
628 185
629 189
630 278
631 183
632 202
633 210
634 167
635 209
636 170
637 173
638 289
639 204
640 173
641 179
642 189
643 182
644 167
645 192
646 184
647 195
648 167
649 170
650 170
651 1619
652 972
653 189
654 217
655 1144
656 204
657 614
658 182
659 174
660 303
661 174
662 199
663 196
664 196
665 1328
666 253
667 167
668 1156
669 201
670 214
671 191
672 202
673 231
674 180
675 173
676 237
677 163
678 178
679 182
680 167
681 163
682 182
683 170
684 1283
685 186
686 186
687 193
688 167
689 166
690 191
691 171
692 171
693 164
694 215
695 179
696 163
697 164
698 176
699 267
700 187
701 212
702 307
703 166
704 167
705 224
706 179
707 197
708 167
709 187
710 166
711 214
712 202
713 177
714 167
715 166
716 216
717 167
718 177
719 169
720 169
721 173
722 206
723 180
724 170
725 168
726 167
727 184
728 170
729 173
730 170
731 164
732 191
733 159
734 161
735 226
736 163
737 172
738 162
739 179
740 175
741 198
742 292
743 216
744 208
745 178
746 172
747 212
748 225
749 189
750 211
751 176
752 223
753 162
754 202
755 211
756 193
757 230
758 229
759 175
760 186
761 192
762 169
763 169
764 179
765 171
766 167
767 167
768 217
769 167
770 169
771 232
772 175
773 163
774 187
775 187
776 196
777 170
778 177
779 167
780 192
781 173
782 233
783 167
784 201
785 161
786 225
787 219
788 159
789 160
790 164
791 176
792 717
793 170
794 174
795 170
796 203
797 206
798 203
799 196
800 218
801 207
802 244
803 159
804 164
805 167
806 184
807 220
808 231
809 208
810 244
811 180
812 192
813 229
814 198
815 169
816 183
817 196
818 224
819 223
820 211
821 178
822 169
823 205
824 195
825 233
826 170
827 200
828 181
829 1206
830 181
831 229
832 200
833 170
834 179
835 174
836 193
837 170
838 167
839 179
840 185
841 195
842 169
843 244
844 186
845 207
846 194
847 191
848 166
849 167
850 167
851 180
852 172
853 175
854 182
855 167
856 177
857 194
858 195
859 192
860 298
861 203
862 171
863 174
864 201
865 214
866 160
867 211
868 183
869 214
870 202
871 228
872 197
873 198
874 167
875 179
876 202
877 194
878 203
879 193
880 164
881 164
882 176
883 161
884 177
885 167
886 198
887 167
888 193
889 201
890 170
891 182
892 172
893 163
894 171
895 175
896 173
897 197
898 225
899 161
900 164
901 167
902 167
903 182
904 159
905 159
906 166
907 167
908 173
909 164
910 167
911 167
912 160
913 167
914 183
915 172
916 212
917 188
918 217
919 211
920 173
921 194
922 173
923 170
924 199
925 176
926 218
927 179
928 179
929 182
930 199
931 200
932 163
933 184
934 170
935 209
936 195
937 171
938 211
939 176
940 189
941 179
942 175
943 205
944 187
945 172
946 169
947 192
948 192
949 173
950 171
951 164
952 209
953 217
954 177
955 167
956 198
957 175
958 195
959 259
960 186
961 170
962 159
963 200
964 165
965 169
966 223
967 164
968 167
969 179
970 176
971 166
972 192
973 197
974 178
975 198
976 167
977 212
978 187
979 197
980 193
981 214
982 222
983 217
984 198
985 183
986 193
987 185
988 185
989 159
990 179
991 169
992 1158
993 244
994 167
995 170
996 188
997 202
998 219
999 226
