0 2215
1 479
2 246
3 266
4 259
5 259
6 263
7 253
8 260
9 250
10 261
11 256
12 260
13 253
14 260
15 257
16 250
17 260
18 260
19 253
20 258
21 253
22 254
23 260
24 262
25 268
26 250
27 262
28 260
29 256
30 253
31 259
32 253
33 268
34 260
35 265
36 257
37 255
38 257
39 256
40 259
41 259
42 273
43 251
44 256
45 261
46 260
47 260
48 254
49 266
50 254
51 259
52 259
53 250
54 261
55 250
56 263
57 250
58 260
59 269
60 259
61 254
62 241
63 261
64 258
65 259
66 259
67 269
68 291
69 342
70 337
71 320
72 343
73 301
74 396
75 402
76 346
77 396
78 343
79 338
80 324
81 328
82 409
83 369
84 333
85 382
86 361
87 299
88 302
89 258
90 253
91 254
92 262
93 261
94 261
95 253
96 255
97 264
98 252
99 256
100 256
101 259
102 256
103 264
104 250
105 261
106 260
107 258
108 253
109 263
110 259
111 263
112 253
113 270
114 260
115 260
116 271
117 260
118 259
119 263
120 260
121 259
122 259
123 260
124 251
125 257
126 259
127 259
128 254
129 266
130 263
131 260
132 271
133 264
134 259
135 255
136 263
137 268
138 258
139 256
140 253
141 259
142 258
143 261
144 256
145 256
146 263
147 254
148 253
149 253
150 253
151 257
152 264
153 268
154 259
155 259
156 263
157 262
158 257
159 260
160 263
161 262
162 263
163 245
164 260
165 251
166 265
167 250
168 269
169 253
170 264
171 277
172 269
173 254
174 262
175 250
176 256
177 261
178 253
179 254
180 261
181 254
182 266
183 262
184 260
185 256
186 257
187 256
188 269
189 252
190 263
191 257
192 255
193 262
194 259
195 253
196 250
197 251
198 252
199 268
200 258
201 256
202 253
203 297
204 334
205 334
206 354
207 304
208 307
209 322
210 294
211 388
212 364
213 353
214 437
215 302
216 349
217 408
218 436
219 387
220 391
221 326
222 960
223 307
224 253
225 259
226 257
227 263
228 272
229 266
230 252
231 261
232 263
233 254
234 257
235 255
236 255
237 263
238 259
239 250
240 256
241 262
242 266
243 253
244 261
245 271
246 256
247 260
248 256
249 252
250 261
251 260
252 250
253 253
254 251
255 269
256 257
257 254
258 265
259 255
260 254
261 254
262 259
263 270
264 263
265 261
266 270
267 256
268 260
269 258
270 264
271 261
272 269
273 259
274 263
275 264
276 256
277 266
278 260
279 269
280 262
281 261
282 253
283 258
284 258
285 254
286 252
287 269
288 258
289 262
290 250
291 254
292 261
293 264
294 264
295 263
296 261
297 264
298 251
299 262
300 263
301 258
302 263
303 256
304 259
305 259
306 250
307 254
308 250
309 252
310 260
311 257
312 254
313 257
314 261
315 263
316 262
317 263
318 333
319 254
320 261
321 261
322 260
323 265
324 253
325 261
326 261
327 250
328 259
329 261
330 259
331 259
332 263
333 259
334 251
335 250
336 263
337 260
338 260
339 255
340 260
341 258
342 263
343 254
344 260
345 256
346 294
347 342
348 346
349 332
350 408
351 358
352 321
353 375
354 365
355 338
356 354
357 396
358 396
359 303
360 393
361 371
362 308
363 302
364 302
365 336
366 316
367 372
368 290
369 353
370 305
371 314
372 363
373 348
374 357
375 318
376 927
377 256
378 269
379 254
380 251
381 260
382 259
383 258
384 258
385 250
386 256
387 257
388 259
389 261
390 259
391 267
392 261
393 270
394 251
395 256
396 261
397 259
398 269
399 246
400 263
401 256
402 828
403 221
404 226
405 223
406 218
407 225
408 220
409 222
410 229
411 222
412 220
413 220
414 225
415 220
416 215
417 227
418 217
419 223
420 216
421 219
422 223
423 222
424 215
425 220
426 216
427 223
428 223
429 223
430 219
431 220
432 226
433 228
434 208
435 225
436 226
437 222
438 218
439 217
440 231
441 232
442 228
443 231
444 218
445 220
446 227
447 220
448 220
449 220
450 224
451 219
452 228
453 219
454 226
455 225
456 222
457 214
458 216
459 228
460 225
461 220
462 221
463 223
464 219
465 229
466 228
467 223
468 227
469 226
470 218
471 224
472 222
473 214
474 241
475 326
476 294
477 302
478 314
479 321
480 278
481 278
482 327
483 356
484 241
485 300
486 354
487 278
488 354
489 345
490 247
491 244
492 262
493 270
494 262
495 287
496 280
497 1243
498 326
499 351
500 276
501 354
502 319
503 261
504 221
505 227
506 215
507 217
508 223
509 217
510 224
511 226
512 211
513 223
514 226
515 217
516 225
517 225
518 222
519 223
520 224
521 218
522 219
523 215
524 220
525 217
526 216
527 223
528 215
529 217
530 230
531 222
532 221
533 220
534 228
535 225
536 217
537 220
538 224
539 220
540 220
541 297
542 281
543 266
544 277
545 266
546 262
547 292
548 283
549 289
550 333
551 364
552 287
553 292
554 250
555 293
556 318
557 304
558 265
559 294
560 337
561 270
562 280
563 277
564 316
565 278
566 1297
567 253
568 270
569 309
570 401
571 286
572 343
573 306
574 277
575 765
576 214
577 222
578 210
579 217
580 221
581 215
582 214
583 216
584 222
585 225
586 219
587 229
588 220
589 224
590 227
591 218
592 220
593 235
594 226
595 221
596 219
597 217
598 223
599 228
600 222
601 230
602 228
603 218
604 216
605 220
606 225
607 219
608 218
609 227
610 220
611 223
612 211
613 217
614 225
615 231
616 218
617 214
618 218
619 224
620 217
621 226
622 228
623 227
624 226
625 228
626 228
627 226
628 228
629 227
630 220
631 229
632 222
633 224
634 223
635 226
636 226
637 222
638 223
639 223
640 223
641 220
642 225
643 225
644 221
645 223
646 223
647 223
648 217
649 229
650 220
651 224
652 221
653 228
654 218
655 225
656 223
657 229
658 219
659 229
660 218
661 229
662 224
663 228
664 219
665 229
666 244
667 283
668 347
669 327
670 298
671 283
672 267
673 300
674 342
675 304
676 289
677 295
678 360
679 363
680 308
681 295
682 363
683 265
684 217
685 217
686 224
687 222
688 222
689 223
690 213
691 208
692 229
693 220
694 226
695 231
696 208
697 224
698 224
699 216
700 222
701 220
702 217
703 220
704 220
705 215
706 223
707 220
708 223
709 220
710 221
711 222
712 223
713 220
714 223
715 232
716 218
717 226
718 215
719 223
720 225
721 216
722 218
723 228
724 211
725 222
726 219
727 226
728 220
729 222
730 225
731 222
732 226
733 227
734 217
735 223
736 223
737 228
738 220
739 217
740 208
741 224
742 229
743 227
744 220
745 228
746 219
747 215
748 228
749 223
750 221
751 222
752 217
753 223
754 225
755 215
756 231
757 220
758 223
759 217
760 214
761 221
762 224
763 218
764 220
765 219
766 220
767 223
768 226
769 219
770 224
771 228
772 218
773 229
774 226
775 231
776 220
777 222
778 230
779 229
780 232
781 220
782 219
783 224
784 211
785 229
786 219
787 222
788 232
789 229
790 215
791 224
792 218
793 227
794 218
795 217
796 225
797 218
798 227
799 219
800 228
801 232
802 220
803 227
804 223
805 217
806 219
807 220
808 225
809 231
810 229
811 225
812 218
813 221
814 222
815 221
816 222
817 223
818 224
819 222
820 223
821 218
822 219
823 220
824 226
825 220
826 220
827 223
828 219
829 223
830 224
831 226
832 225
833 224
834 220
835 223
836 226
837 217
838 228
839 222
840 232
841 223
842 230
843 231
844 229
845 218
846 222
847 230
848 225
849 218
850 220
851 220
852 222
853 218
854 223
855 216
856 220
857 226
858 223
859 220
860 217
861 212
862 222
863 222
864 216
865 226
866 222
867 217
868 225
869 231
870 220
871 211
872 223
873 225
874 223
875 229
876 223
877 221
878 211
879 218
880 228
881 225
882 223
883 221
884 223
885 229
886 226
887 214
888 222
889 223
890 219
891 231
892 221
893 284
894 227
895 223
896 221
897 220
898 217
899 221
900 222
901 225
902 225
903 220
904 223
905 223
906 219
907 220
908 222
909 220
910 215
911 222
912 220
913 223
914 223
915 217
916 223
917 217
918 221
919 220
920 220
921 224
922 223
923 220
924 229
925 219
926 221
927 220
928 225
929 225
930 221
931 220
932 219
933 223
934 216
935 223
936 221
937 217
938 214
939 228
940 229
941 217
942 225
943 217
944 230
945 218
946 230
947 220
948 218
949 218
950 217
951 226
952 221
953 224
954 229
955 283
956 221
957 223
958 220
959 216
960 221
961 217
962 214
963 217
964 218
965 216
966 226
967 234
968 228
969 229
970 225
971 227
972 228
973 222
974 223
975 229
976 224
977 219
978 220
979 211
980 218
981 226
982 217
983 224
984 223
985 214
986 222
987 215
988 217
989 232
990 230
991 232
992 226
993 213
994 224
995 232
996 216
997 224
998 231
999 231
